<html xmlns:math="http://exslt.org/math" xmlns:testng="http://testng.org">
   <head>
      <title>TestNG Results</title>
      <meta http-equiv="content-type" content="text/html; charset=utf-8"></meta>
      <meta http-equiv="pragma" content="no-cache"></meta>
      <meta http-equiv="cache-control" content="max-age=0"></meta>
      <meta http-equiv="cache-control" content="no-cache"></meta>
      <meta http-equiv="cache-control" content="no-store"></meta>
      <LINK rel="stylesheet" href="style.css"></LINK>
      <script type="text/javascript" src="main.js"></script>
   </head>
   <body>
      <table width="100%" style="font-size: 16px; margin-bottom: 10px;" cellspacing="1">
         <tr>
            <td width="100%">
               All methods in suite
               
               <b>Regression</b>
            </td>
            <td style="background-color: #FFBBBB; padding: 3px 3px 3px 0;" align="center">
               <div style="width: 50px;">1</div>
            </td>
            <td style="background-color: lightgreen; padding: 3px 3px 3px 0;" align="center">
               <div style="width: 50px;">8</div>
            </td>
            <td style="background-color: #FFFFBB; padding: 3px 3px 3px 0;" align="center">
               <div style="width: 50px;">0</div>
            </td>
            <td align="center" style="background-color: #eaf0f7; padding: 3px 3px 3px 0;">
               <div style="width: 50px;">9</div>
            </td>
            <td align="center"
                style="font-weight: bold; background-color: #eaf0f7; padding: 3px 3px 3px 0;">
               <div style="width: 50px;">89%</div>
            </td>
            <td style="background-color: #eaf0f7; padding: 3px 3px 3px 0;" align="center"
                nowrap="true">2m
               40s
               
            </td>
         </tr>
      </table>
      <div style="width: 200px;">
         <label for="groupMethodsCheckBox" style="font-weight: bold; margin: 0;">
            <input id="groupMethodsCheckBox" type="checkbox" onclick="switchTestMethodsView(this)"></input>
            Group by class
            
         </label>
         <br></br>
         <label for="methodsFilter_ALL" style="font-weight: bold; margin: 0;">
            <input id="methodsFilter_ALL" type="checkbox"
                   onclick="testMethodsFilterChanged(this, 'ALL')"></input>
            All
            
         </label>
      </div>
      <label for="methodsFilter_FAIL" style="margin-left: 20px;">
         <input id="methodsFilter_FAIL" type="checkbox"
                onclick="testMethodsFilterChanged(this, 'FAIL')"
                checked=""></input>
         Failed
         
      </label>
      <label for="methodsFilter_PASS">
         <input id="methodsFilter_PASS" type="checkbox"
                onclick="testMethodsFilterChanged(this, 'PASS')"
                checked=""></input>
         Passed
         
      </label>
      <label for="methodsFilter_SKIP">
         <input id="methodsFilter_SKIP" type="checkbox"
                onclick="testMethodsFilterChanged(this, 'SKIP')"
                checked=""></input>
         Skipped
         
      </label>
      <label for="methodsFilter_CONF">
         <input id="methodsFilter_CONF" type="checkbox"
                onclick="testMethodsFilterChanged(this, 'CONF')"></input>
         Config
         
      </label>
      <br></br>
      <div id="testMethodsByStatus">
         <table class="testMethodsTable" cellpadding="0" cellspacing="0">
            <tr class="methodsTableHeader">
               <td width="100%">Name</td>
               <td nowrap="true">Started</td>
               <td nowrap="true">Duration</td>
               <td>Exception</td>
            </tr>
            <tr id="test.MyAccounttab_myaccounttabclick_byStatus_failed_FAIL1_row"
                class="testMethodStatusFAIL">
               <td width="100%" class="firstMethodCell">
                  <a onclick="toggleDetailsVisibility('test.MyAccounttab_myaccounttabclick_byStatus_failed_FAIL1_details')">myaccounttabclick()</a>
               </td>
               <td nowrap="true">23:24:17</td>
               <td nowrap="true" align="right">9s
                  
               </td>
               <td nowrap="true">
                  <a onclick="toggleDetailsVisibility('test.MyAccounttab_myaccounttabclick_byStatus_failed_FAIL1_exception')">org.openqa.selenium.ElementClickInterceptedException: 
                     element click intercepted: Element &lt;button class="btn btn-md btn-primary col-xs-12 ft-submit ft-login-next-button" type="submit"&gt;...&lt;/button&gt;
                     is not clickable at point (631, 354). Other element would receive the click: &lt;div class="cg-gearbox-spinner__default"&gt;...&lt;/div&gt;
                     (Session info: chrome=75.0.3770.100)
                     (Driver info: chromedriver=74.0.3729.6 (255758eccf3d244491b8a1317aa76e1ce10d57e9-refs/branch-heads/3729@{#29}),platform=Windows
                     NT 10.0.17134 x86_64) (WARNING: The server did not provide any stacktrace information)
                     Command duration or timeout: 0 milliseconds
                     Build info: version: '3.8.1', revision: '6e95a6684b', time: '2017-12-01T19:05:14.666Z'
                     System info: host: 'DESKTOP-G2F8N5K', ip: '192.168.1.29', os.name: 'Windows 10', os.arch: 'amd64', os.version: '10.0', java.version:
                     '1.8.0_191'
                     Driver info: org.openqa.selenium.chrome.ChromeDriver
                     Capabilities {acceptInsecureCerts: false, acceptSslCerts: false, applicationCacheEnabled: false, browserConnectionEnabled:
                     false, browserName: chrome, chrome: {chromedriverVersion: 74.0.3729.6 (255758eccf3d24..., userDataDir: C:\Users\DevilR\AppData\Loc...},
                     cssSelectorsEnabled: true, databaseEnabled: false, goog:chromeOptions: {debuggerAddress: localhost:58500}, handlesAlerts:
                     true, hasTouchScreen: false, javascriptEnabled: true, locationContextEnabled: true, mobileEmulationEnabled: false, nativeEvents:
                     true, networkConnectionEnabled: false, pageLoadStrategy: normal, platform: XP, platformName: XP, proxy: Proxy(), rotatable:
                     false, setWindowRect: true, strictFileInteractability: false, takesHeapSnapshot: true, takesScreenshot: true, timeouts: {implicit:
                     0, pageLoad: 300000, script: 30000}, unexpectedAlertBehaviour: ignore, unhandledPromptBehavior: ignore, version: 75.0.3770.100,
                     webStorageEnabled: true}
                     Session ID: 9578b8f5e32e90c134fdaa5e98f3f485
                     
                  </a>
                   
                  
               </td>
            </tr>
            <tr>
               <td colspan="4" class="detailsBox">
                  <div id="test.MyAccounttab_myaccounttabclick_byStatus_failed_FAIL1_details"
                       class="testMethodDetails">
                     <div>
                        <b>Name: </b>myaccounttabclick
                     </div>
                     <div>
                        <b>Signature: </b>myaccounttabclick()[pri:0, instance:test.MyAccounttab@2cfb4a64]
                     </div>
                     <div>
                        <b>Start time: </b>23:24:17
                     </div>
                     <div>
                        <b>End time: </b>23:24:26
                     </div>
                     <div>
                        <b>Duration: </b>9s
                        
                     </div>
                  </div>
               </td>
            </tr>
            <tr>
               <td colspan="4" class="detailsBox">
                  <div id="test.MyAccounttab_myaccounttabclick_byStatus_failed_FAIL1_exception"
                       class="testMethodDetails">
                     <pre style="padding: 5px; margin: 0;">org.openqa.selenium.ElementClickInterceptedException: element click intercepted: Element &lt;button class="btn btn-md btn-primary
                        col-xs-12 ft-submit ft-login-next-button" type="submit"&gt;...&lt;/button&gt; is not clickable at point (631, 354). Other element would
                        receive the click: &lt;div class="cg-gearbox-spinner__default"&gt;...&lt;/div&gt;
                        (Session info: chrome=75.0.3770.100)
                        (Driver info: chromedriver=74.0.3729.6 (255758eccf3d244491b8a1317aa76e1ce10d57e9-refs/branch-heads/3729@{#29}),platform=Windows
                        NT 10.0.17134 x86_64) (WARNING: The server did not provide any stacktrace information)
                        Command duration or timeout: 0 milliseconds
                        Build info: version: '3.8.1', revision: '6e95a6684b', time: '2017-12-01T19:05:14.666Z'
                        System info: host: 'DESKTOP-G2F8N5K', ip: '192.168.1.29', os.name: 'Windows 10', os.arch: 'amd64', os.version: '10.0', java.version:
                        '1.8.0_191'
                        Driver info: org.openqa.selenium.chrome.ChromeDriver
                        Capabilities {acceptInsecureCerts: false, acceptSslCerts: false, applicationCacheEnabled: false, browserConnectionEnabled:
                        false, browserName: chrome, chrome: {chromedriverVersion: 74.0.3729.6 (255758eccf3d24..., userDataDir: C:\Users\DevilR\AppData\Loc...},
                        cssSelectorsEnabled: true, databaseEnabled: false, goog:chromeOptions: {debuggerAddress: localhost:58500}, handlesAlerts:
                        true, hasTouchScreen: false, javascriptEnabled: true, locationContextEnabled: true, mobileEmulationEnabled: false, nativeEvents:
                        true, networkConnectionEnabled: false, pageLoadStrategy: normal, platform: XP, platformName: XP, proxy: Proxy(), rotatable:
                        false, setWindowRect: true, strictFileInteractability: false, takesHeapSnapshot: true, takesScreenshot: true, timeouts: {implicit:
                        0, pageLoad: 300000, script: 30000}, unexpectedAlertBehaviour: ignore, unhandledPromptBehavior: ignore, version: 75.0.3770.100,
                        webStorageEnabled: true}
                        Session ID: 9578b8f5e32e90c134fdaa5e98f3f485
                        	at sun.reflect.NativeConstructorAccessorImpl.newInstance0(Native Method)
                        	at sun.reflect.NativeConstructorAccessorImpl.newInstance(Unknown Source)
                        	at sun.reflect.DelegatingConstructorAccessorImpl.newInstance(Unknown Source)
                        	at java.lang.reflect.Constructor.newInstance(Unknown Source)
                        	at org.openqa.selenium.remote.ErrorHandler.createThrowable(ErrorHandler.java:214)
                        	at org.openqa.selenium.remote.ErrorHandler.throwIfResponseFailed(ErrorHandler.java:166)
                        	at org.openqa.selenium.remote.http.JsonHttpResponseCodec.reconstructValue(JsonHttpResponseCodec.java:40)
                        	at org.openqa.selenium.remote.http.AbstractHttpResponseCodec.decode(AbstractHttpResponseCodec.java:80)
                        	at org.openqa.selenium.remote.http.AbstractHttpResponseCodec.decode(AbstractHttpResponseCodec.java:44)
                        	at org.openqa.selenium.remote.HttpCommandExecutor.execute(HttpCommandExecutor.java:164)
                        	at org.openqa.selenium.remote.service.DriverCommandExecutor.execute(DriverCommandExecutor.java:83)
                        	at org.openqa.selenium.remote.RemoteWebDriver.execute(RemoteWebDriver.java:601)
                        	at org.openqa.selenium.remote.RemoteWebElement.execute(RemoteWebElement.java:279)
                        	at org.openqa.selenium.remote.RemoteWebElement.click(RemoteWebElement.java:83)
                        	at utils.WebDriverFunctions.logInToCarGuru(WebDriverFunctions.java:24)
                        	at test.MyAccounttab.myaccounttabclick(MyAccounttab.java:13)
                        	at sun.reflect.NativeMethodAccessorImpl.invoke0(Native Method)
                        	at sun.reflect.NativeMethodAccessorImpl.invoke(Unknown Source)
                        	at sun.reflect.DelegatingMethodAccessorImpl.invoke(Unknown Source)
                        	at java.lang.reflect.Method.invoke(Unknown Source)
                        	at org.testng.internal.MethodInvocationHelper.invokeMethod(MethodInvocationHelper.java:85)
                        	at org.testng.internal.Invoker.invokeMethod(Invoker.java:639)
                        	at org.testng.internal.Invoker.invokeTestMethod(Invoker.java:816)
                        	at org.testng.internal.Invoker.invokeTestMethods(Invoker.java:1124)
                        	at org.testng.internal.TestMethodWorker.invokeTestMethods(TestMethodWorker.java:125)
                        	at org.testng.internal.TestMethodWorker.run(TestMethodWorker.java:108)
                        	at org.testng.TestRunner.privateRun(TestRunner.java:774)
                        	at org.testng.TestRunner.run(TestRunner.java:624)
                        	at org.testng.SuiteRunner.runTest(SuiteRunner.java:359)
                        	at org.testng.SuiteRunner.runSequentially(SuiteRunner.java:354)
                        	at org.testng.SuiteRunner.privateRun(SuiteRunner.java:312)
                        	at org.testng.SuiteRunner.run(SuiteRunner.java:261)
                        	at org.testng.SuiteRunnerWorker.runSuite(SuiteRunnerWorker.java:52)
                        	at org.testng.SuiteRunnerWorker.run(SuiteRunnerWorker.java:86)
                        	at org.testng.TestNG.runSuitesSequentially(TestNG.java:1215)
                        	at org.testng.TestNG.runSuitesLocally(TestNG.java:1140)
                        	at org.testng.TestNG.run(TestNG.java:1048)
                        	at org.testng.TestNG.privateMain(TestNG.java:1355)
                        	at org.testng.TestNG.main(TestNG.java:1324)
                     </pre>
                  </div>
               </td>
            </tr>
            <tr id="test.TotalImgsCount_BeforeTestStart_byStatus_passed_PASS1_row"
                class="testMethodStatusPASS testMethodStatusCONF">
               <td width="100%" class="firstMethodCell">
                  <a onclick="toggleDetailsVisibility('test.TotalImgsCount_BeforeTestStart_byStatus_passed_PASS1_details')">BeforeTestStart()</a>
               </td>
               <td nowrap="true">23:22:46</td>
               <td nowrap="true" align="right">6s
                  
               </td>
               <td nowrap="true">
                   
                  
               </td>
            </tr>
            <tr>
               <td colspan="4" class="detailsBox">
                  <div id="test.TotalImgsCount_BeforeTestStart_byStatus_passed_PASS1_details"
                       class="testMethodDetails">
                     <div>
                        <b>Name: </b>BeforeTestStart
                     </div>
                     <div>
                        <b>Signature: </b>BeforeTestStart()[pri:0, instance:test.TotalImgsCount@3ecf72fd]
                     </div>
                     <div>
                        <b>Start time: </b>23:22:46
                     </div>
                     <div>
                        <b>End time: </b>23:22:52
                     </div>
                     <div>
                        <b>Duration: </b>6s
                        
                     </div>
                  </div>
               </td>
            </tr>
            <tr></tr>
            <tr id="test.TotalImgsCount_AllImgsCount_byStatus_passed_PASS2_row"
                class="testMethodStatusPASS">
               <td width="100%" class="firstMethodCell">
                  <a onclick="toggleDetailsVisibility('test.TotalImgsCount_AllImgsCount_byStatus_passed_PASS2_details')">AllImgsCount()</a>
               </td>
               <td nowrap="true">23:22:52</td>
               <td nowrap="true" align="right">38 ms
                  
               </td>
               <td nowrap="true">
                   
                  
               </td>
            </tr>
            <tr>
               <td colspan="4" class="detailsBox">
                  <div id="test.TotalImgsCount_AllImgsCount_byStatus_passed_PASS2_details"
                       class="testMethodDetails">
                     <div>
                        <b>Name: </b>AllImgsCount
                     </div>
                     <div>
                        <b>Signature: </b>AllImgsCount()[pri:0, instance:test.TotalImgsCount@3ecf72fd]
                     </div>
                     <div>
                        <b>Start time: </b>23:22:52
                     </div>
                     <div>
                        <b>End time: </b>23:22:52
                     </div>
                     <div>
                        <b>Duration: </b>38 ms
                        
                     </div>
                  </div>
               </td>
            </tr>
            <tr></tr>
            <tr id="test.TotalImgsCount_afterEachTest_byStatus_passed_PASS3_row"
                class="testMethodStatusPASS testMethodStatusCONF">
               <td width="100%" class="firstMethodCell">
                  <a onclick="toggleDetailsVisibility('test.TotalImgsCount_afterEachTest_byStatus_passed_PASS3_details')">afterEachTest()</a>
               </td>
               <td nowrap="true">23:22:52</td>
               <td nowrap="true" align="right">2s
                  
               </td>
               <td nowrap="true">
                   
                  
               </td>
            </tr>
            <tr>
               <td colspan="4" class="detailsBox">
                  <div id="test.TotalImgsCount_afterEachTest_byStatus_passed_PASS3_details"
                       class="testMethodDetails">
                     <div>
                        <b>Name: </b>afterEachTest
                     </div>
                     <div>
                        <b>Signature: </b>afterEachTest()[pri:0, instance:test.TotalImgsCount@3ecf72fd]
                     </div>
                     <div>
                        <b>Start time: </b>23:22:52
                     </div>
                     <div>
                        <b>End time: </b>23:22:54
                     </div>
                     <div>
                        <b>Duration: </b>2s
                        
                     </div>
                  </div>
               </td>
            </tr>
            <tr></tr>
            <tr id="test.VerifingRightURL_BeforeTestStart_byStatus_passed_PASS4_row"
                class="testMethodStatusPASS testMethodStatusCONF">
               <td width="100%" class="firstMethodCell">
                  <a onclick="toggleDetailsVisibility('test.VerifingRightURL_BeforeTestStart_byStatus_passed_PASS4_details')">BeforeTestStart()</a>
               </td>
               <td nowrap="true">23:23:57</td>
               <td nowrap="true" align="right">6s
                  
               </td>
               <td nowrap="true">
                   
                  
               </td>
            </tr>
            <tr>
               <td colspan="4" class="detailsBox">
                  <div id="test.VerifingRightURL_BeforeTestStart_byStatus_passed_PASS4_details"
                       class="testMethodDetails">
                     <div>
                        <b>Name: </b>BeforeTestStart
                     </div>
                     <div>
                        <b>Signature: </b>BeforeTestStart()[pri:0, instance:test.VerifingRightURL@7a92922]
                     </div>
                     <div>
                        <b>Start time: </b>23:23:57
                     </div>
                     <div>
                        <b>End time: </b>23:24:03
                     </div>
                     <div>
                        <b>Duration: </b>6s
                        
                     </div>
                  </div>
               </td>
            </tr>
            <tr></tr>
            <tr id="test.VerifingRightURL_UsingRightURL_byStatus_passed_PASS5_row"
                class="testMethodStatusPASS">
               <td width="100%" class="firstMethodCell">
                  <a onclick="toggleDetailsVisibility('test.VerifingRightURL_UsingRightURL_byStatus_passed_PASS5_details')">UsingRightURL()</a>
               </td>
               <td nowrap="true">23:24:03</td>
               <td nowrap="true" align="right">17 ms
                  
               </td>
               <td nowrap="true">
                   
                  
               </td>
            </tr>
            <tr>
               <td colspan="4" class="detailsBox">
                  <div id="test.VerifingRightURL_UsingRightURL_byStatus_passed_PASS5_details"
                       class="testMethodDetails">
                     <div>
                        <b>Name: </b>UsingRightURL
                     </div>
                     <div>
                        <b>Signature: </b>UsingRightURL()[pri:0, instance:test.VerifingRightURL@7a92922]
                     </div>
                     <div>
                        <b>Start time: </b>23:24:03
                     </div>
                     <div>
                        <b>End time: </b>23:24:03
                     </div>
                     <div>
                        <b>Duration: </b>17 ms
                        
                     </div>
                  </div>
               </td>
            </tr>
            <tr></tr>
            <tr id="test.VerifingRightURL_afterEachTest_byStatus_passed_PASS6_row"
                class="testMethodStatusPASS testMethodStatusCONF">
               <td width="100%" class="firstMethodCell">
                  <a onclick="toggleDetailsVisibility('test.VerifingRightURL_afterEachTest_byStatus_passed_PASS6_details')">afterEachTest()</a>
               </td>
               <td nowrap="true">23:24:03</td>
               <td nowrap="true" align="right">2s
                  
               </td>
               <td nowrap="true">
                   
                  
               </td>
            </tr>
            <tr>
               <td colspan="4" class="detailsBox">
                  <div id="test.VerifingRightURL_afterEachTest_byStatus_passed_PASS6_details"
                       class="testMethodDetails">
                     <div>
                        <b>Name: </b>afterEachTest
                     </div>
                     <div>
                        <b>Signature: </b>afterEachTest()[pri:0, instance:test.VerifingRightURL@7a92922]
                     </div>
                     <div>
                        <b>Start time: </b>23:24:03
                     </div>
                     <div>
                        <b>End time: </b>23:24:05
                     </div>
                     <div>
                        <b>Duration: </b>2s
                        
                     </div>
                  </div>
               </td>
            </tr>
            <tr></tr>
            <tr id="test.VerifingHomePageScrollBarMovesAllTheWayToTheBottomPage_BeforeTestStart_byStatus_passed_PASS7_row"
                class="testMethodStatusPASS testMethodStatusCONF">
               <td width="100%" class="firstMethodCell">
                  <a onclick="toggleDetailsVisibility('test.VerifingHomePageScrollBarMovesAllTheWayToTheBottomPage_BeforeTestStart_byStatus_passed_PASS7_details')">BeforeTestStart()</a>
               </td>
               <td nowrap="true">23:23:46</td>
               <td nowrap="true" align="right">6s
                  
               </td>
               <td nowrap="true">
                   
                  
               </td>
            </tr>
            <tr>
               <td colspan="4" class="detailsBox">
                  <div id="test.VerifingHomePageScrollBarMovesAllTheWayToTheBottomPage_BeforeTestStart_byStatus_passed_PASS7_details"
                       class="testMethodDetails">
                     <div>
                        <b>Name: </b>BeforeTestStart
                     </div>
                     <div>
                        <b>Signature: </b>BeforeTestStart()[pri:0, instance:test.VerifingHomePageScrollBarMovesAllTheWayToTheBottomPage@25618e91]
                     </div>
                     <div>
                        <b>Start time: </b>23:23:46
                     </div>
                     <div>
                        <b>End time: </b>23:23:52
                     </div>
                     <div>
                        <b>Duration: </b>6s
                        
                     </div>
                  </div>
               </td>
            </tr>
            <tr></tr>
            <tr id="test.VerifingHomePageScrollBarMovesAllTheWayToTheBottomPage_VerifingScrollBarMovesAllTheWayToTheBottomPage_byStatus_passed_PASS8_row"
                class="testMethodStatusPASS">
               <td width="100%" class="firstMethodCell">
                  <a onclick="toggleDetailsVisibility('test.VerifingHomePageScrollBarMovesAllTheWayToTheBottomPage_VerifingScrollBarMovesAllTheWayToTheBottomPage_byStatus_passed_PASS8_details')">VerifingScrollBarMovesAllTheWayToTheBottomPage()</a>
               </td>
               <td nowrap="true">23:23:52</td>
               <td nowrap="true" align="right">3s
                  
               </td>
               <td nowrap="true">
                   
                  
               </td>
            </tr>
            <tr>
               <td colspan="4" class="detailsBox">
                  <div id="test.VerifingHomePageScrollBarMovesAllTheWayToTheBottomPage_VerifingScrollBarMovesAllTheWayToTheBottomPage_byStatus_passed_PASS8_details"
                       class="testMethodDetails">
                     <div>
                        <b>Name: </b>VerifingScrollBarMovesAllTheWayToTheBottomPage
                     </div>
                     <div>
                        <b>Signature: </b>VerifingScrollBarMovesAllTheWayToTheBottomPage()[pri:0, instance:test.VerifingHomePageScrollBarMovesAllTheWayToTheBottomPage@25618e91]
                     </div>
                     <div>
                        <b>Start time: </b>23:23:52
                     </div>
                     <div>
                        <b>End time: </b>23:23:55
                     </div>
                     <div>
                        <b>Duration: </b>3s
                        
                     </div>
                  </div>
               </td>
            </tr>
            <tr></tr>
            <tr id="test.VerifingHomePageScrollBarMovesAllTheWayToTheBottomPage_afterEachTest_byStatus_passed_PASS9_row"
                class="testMethodStatusPASS testMethodStatusCONF">
               <td width="100%" class="firstMethodCell">
                  <a onclick="toggleDetailsVisibility('test.VerifingHomePageScrollBarMovesAllTheWayToTheBottomPage_afterEachTest_byStatus_passed_PASS9_details')">afterEachTest()</a>
               </td>
               <td nowrap="true">23:23:55</td>
               <td nowrap="true" align="right">2s
                  
               </td>
               <td nowrap="true">
                   
                  
               </td>
            </tr>
            <tr>
               <td colspan="4" class="detailsBox">
                  <div id="test.VerifingHomePageScrollBarMovesAllTheWayToTheBottomPage_afterEachTest_byStatus_passed_PASS9_details"
                       class="testMethodDetails">
                     <div>
                        <b>Name: </b>afterEachTest
                     </div>
                     <div>
                        <b>Signature: </b>afterEachTest()[pri:0, instance:test.VerifingHomePageScrollBarMovesAllTheWayToTheBottomPage@25618e91]
                     </div>
                     <div>
                        <b>Start time: </b>23:23:55
                     </div>
                     <div>
                        <b>End time: </b>23:23:57
                     </div>
                     <div>
                        <b>Duration: </b>2s
                        
                     </div>
                  </div>
               </td>
            </tr>
            <tr></tr>
            <tr id="test.MyAccounttab_BeforeTestStart_byStatus_passed_PASS10_row"
                class="testMethodStatusPASS testMethodStatusCONF">
               <td width="100%" class="firstMethodCell">
                  <a onclick="toggleDetailsVisibility('test.MyAccounttab_BeforeTestStart_byStatus_passed_PASS10_details')">BeforeTestStart()</a>
               </td>
               <td nowrap="true">23:24:12</td>
               <td nowrap="true" align="right">5s
                  
               </td>
               <td nowrap="true">
                   
                  
               </td>
            </tr>
            <tr>
               <td colspan="4" class="detailsBox">
                  <div id="test.MyAccounttab_BeforeTestStart_byStatus_passed_PASS10_details"
                       class="testMethodDetails">
                     <div>
                        <b>Name: </b>BeforeTestStart
                     </div>
                     <div>
                        <b>Signature: </b>BeforeTestStart()[pri:0, instance:test.MyAccounttab@2cfb4a64]
                     </div>
                     <div>
                        <b>Start time: </b>23:24:12
                     </div>
                     <div>
                        <b>End time: </b>23:24:17
                     </div>
                     <div>
                        <b>Duration: </b>5s
                        
                     </div>
                  </div>
               </td>
            </tr>
            <tr></tr>
            <tr id="test.MyAccounttab_afterEachTest_byStatus_passed_PASS11_row"
                class="testMethodStatusPASS testMethodStatusCONF">
               <td width="100%" class="firstMethodCell">
                  <a onclick="toggleDetailsVisibility('test.MyAccounttab_afterEachTest_byStatus_passed_PASS11_details')">afterEachTest()</a>
               </td>
               <td nowrap="true">23:24:26</td>
               <td nowrap="true" align="right">59 ms
                  
               </td>
               <td nowrap="true">
                   
                  
               </td>
            </tr>
            <tr>
               <td colspan="4" class="detailsBox">
                  <div id="test.MyAccounttab_afterEachTest_byStatus_passed_PASS11_details"
                       class="testMethodDetails">
                     <div>
                        <b>Name: </b>afterEachTest
                     </div>
                     <div>
                        <b>Signature: </b>afterEachTest()[pri:0, instance:test.MyAccounttab@2cfb4a64]
                     </div>
                     <div>
                        <b>Start time: </b>23:24:26
                     </div>
                     <div>
                        <b>End time: </b>23:24:26
                     </div>
                     <div>
                        <b>Duration: </b>59 ms
                        
                     </div>
                  </div>
               </td>
            </tr>
            <tr></tr>
            <tr id="test.Headertabs_BeforeTestStart_byStatus_passed_PASS12_row"
                class="testMethodStatusPASS testMethodStatusCONF">
               <td width="100%" class="firstMethodCell">
                  <a onclick="toggleDetailsVisibility('test.Headertabs_BeforeTestStart_byStatus_passed_PASS12_details')">BeforeTestStart()</a>
               </td>
               <td nowrap="true">23:23:28</td>
               <td nowrap="true" align="right">5s
                  
               </td>
               <td nowrap="true">
                   
                  
               </td>
            </tr>
            <tr>
               <td colspan="4" class="detailsBox">
                  <div id="test.Headertabs_BeforeTestStart_byStatus_passed_PASS12_details"
                       class="testMethodDetails">
                     <div>
                        <b>Name: </b>BeforeTestStart
                     </div>
                     <div>
                        <b>Signature: </b>BeforeTestStart()[pri:0, instance:test.Headertabs@326de728]
                     </div>
                     <div>
                        <b>Start time: </b>23:23:28
                     </div>
                     <div>
                        <b>End time: </b>23:23:33
                     </div>
                     <div>
                        <b>Duration: </b>5s
                        
                     </div>
                  </div>
               </td>
            </tr>
            <tr></tr>
            <tr id="test.Headertabs_Headertabsclick_byStatus_passed_PASS13_row"
                class="testMethodStatusPASS">
               <td width="100%" class="firstMethodCell">
                  <a onclick="toggleDetailsVisibility('test.Headertabs_Headertabsclick_byStatus_passed_PASS13_details')">Headertabsclick()</a>
               </td>
               <td nowrap="true">23:23:33</td>
               <td nowrap="true" align="right">14s
                  
               </td>
               <td nowrap="true">
                   
                  
               </td>
            </tr>
            <tr>
               <td colspan="4" class="detailsBox">
                  <div id="test.Headertabs_Headertabsclick_byStatus_passed_PASS13_details"
                       class="testMethodDetails">
                     <div>
                        <b>Name: </b>Headertabsclick
                     </div>
                     <div>
                        <b>Signature: </b>Headertabsclick()[pri:0, instance:test.Headertabs@326de728]
                     </div>
                     <div>
                        <b>Start time: </b>23:23:33
                     </div>
                     <div>
                        <b>End time: </b>23:23:46
                     </div>
                     <div>
                        <b>Duration: </b>14s
                        
                     </div>
                  </div>
               </td>
            </tr>
            <tr></tr>
            <tr id="test.Headertabs_afterEachTest_byStatus_passed_PASS14_row"
                class="testMethodStatusPASS testMethodStatusCONF">
               <td width="100%" class="firstMethodCell">
                  <a onclick="toggleDetailsVisibility('test.Headertabs_afterEachTest_byStatus_passed_PASS14_details')">afterEachTest()</a>
               </td>
               <td nowrap="true">23:23:46</td>
               <td nowrap="true" align="right">176 ms
                  
               </td>
               <td nowrap="true">
                   
                  
               </td>
            </tr>
            <tr>
               <td colspan="4" class="detailsBox">
                  <div id="test.Headertabs_afterEachTest_byStatus_passed_PASS14_details"
                       class="testMethodDetails">
                     <div>
                        <b>Name: </b>afterEachTest
                     </div>
                     <div>
                        <b>Signature: </b>afterEachTest()[pri:0, instance:test.Headertabs@326de728]
                     </div>
                     <div>
                        <b>Start time: </b>23:23:46
                     </div>
                     <div>
                        <b>End time: </b>23:23:46
                     </div>
                     <div>
                        <b>Duration: </b>176 ms
                        
                     </div>
                  </div>
               </td>
            </tr>
            <tr></tr>
            <tr id="test.TotalLinksCount_BeforeTestStart_byStatus_passed_PASS15_row"
                class="testMethodStatusPASS testMethodStatusCONF">
               <td width="100%" class="firstMethodCell">
                  <a onclick="toggleDetailsVisibility('test.TotalLinksCount_BeforeTestStart_byStatus_passed_PASS15_details')">BeforeTestStart()</a>
               </td>
               <td nowrap="true">23:23:17</td>
               <td nowrap="true" align="right">5s
                  
               </td>
               <td nowrap="true">
                   
                  
               </td>
            </tr>
            <tr>
               <td colspan="4" class="detailsBox">
                  <div id="test.TotalLinksCount_BeforeTestStart_byStatus_passed_PASS15_details"
                       class="testMethodDetails">
                     <div>
                        <b>Name: </b>BeforeTestStart
                     </div>
                     <div>
                        <b>Signature: </b>BeforeTestStart()[pri:0, instance:test.TotalLinksCount@77f03bb1]
                     </div>
                     <div>
                        <b>Start time: </b>23:23:17
                     </div>
                     <div>
                        <b>End time: </b>23:23:22
                     </div>
                     <div>
                        <b>Duration: </b>5s
                        
                     </div>
                  </div>
               </td>
            </tr>
            <tr></tr>
            <tr id="test.TotalLinksCount_AllLinksCount_byStatus_passed_PASS16_row"
                class="testMethodStatusPASS">
               <td width="100%" class="firstMethodCell">
                  <a onclick="toggleDetailsVisibility('test.TotalLinksCount_AllLinksCount_byStatus_passed_PASS16_details')">AllLinksCount()</a>
               </td>
               <td nowrap="true">23:23:22</td>
               <td nowrap="true" align="right">3s
                  
               </td>
               <td nowrap="true">
                   
                  
               </td>
            </tr>
            <tr>
               <td colspan="4" class="detailsBox">
                  <div id="test.TotalLinksCount_AllLinksCount_byStatus_passed_PASS16_details"
                       class="testMethodDetails">
                     <div>
                        <b>Name: </b>AllLinksCount
                     </div>
                     <div>
                        <b>Signature: </b>AllLinksCount()[pri:0, instance:test.TotalLinksCount@77f03bb1]
                     </div>
                     <div>
                        <b>Start time: </b>23:23:22
                     </div>
                     <div>
                        <b>End time: </b>23:23:26
                     </div>
                     <div>
                        <b>Duration: </b>3s
                        
                     </div>
                  </div>
               </td>
            </tr>
            <tr></tr>
            <tr id="test.TotalLinksCount_afterEachTest_byStatus_passed_PASS17_row"
                class="testMethodStatusPASS testMethodStatusCONF">
               <td width="100%" class="firstMethodCell">
                  <a onclick="toggleDetailsVisibility('test.TotalLinksCount_afterEachTest_byStatus_passed_PASS17_details')">afterEachTest()</a>
               </td>
               <td nowrap="true">23:23:26</td>
               <td nowrap="true" align="right">2s
                  
               </td>
               <td nowrap="true">
                   
                  
               </td>
            </tr>
            <tr>
               <td colspan="4" class="detailsBox">
                  <div id="test.TotalLinksCount_afterEachTest_byStatus_passed_PASS17_details"
                       class="testMethodDetails">
                     <div>
                        <b>Name: </b>afterEachTest
                     </div>
                     <div>
                        <b>Signature: </b>afterEachTest()[pri:0, instance:test.TotalLinksCount@77f03bb1]
                     </div>
                     <div>
                        <b>Start time: </b>23:23:26
                     </div>
                     <div>
                        <b>End time: </b>23:23:28
                     </div>
                     <div>
                        <b>Duration: </b>2s
                        
                     </div>
                  </div>
               </td>
            </tr>
            <tr></tr>
            <tr id="test.VerifingImageLogoTakesUserToHomePage_BeforeTestStart_byStatus_passed_PASS18_row"
                class="testMethodStatusPASS testMethodStatusCONF">
               <td width="100%" class="firstMethodCell">
                  <a onclick="toggleDetailsVisibility('test.VerifingImageLogoTakesUserToHomePage_BeforeTestStart_byStatus_passed_PASS18_details')">BeforeTestStart()</a>
               </td>
               <td nowrap="true">23:24:05</td>
               <td nowrap="true" align="right">5s
                  
               </td>
               <td nowrap="true">
                   
                  
               </td>
            </tr>
            <tr>
               <td colspan="4" class="detailsBox">
                  <div id="test.VerifingImageLogoTakesUserToHomePage_BeforeTestStart_byStatus_passed_PASS18_details"
                       class="testMethodDetails">
                     <div>
                        <b>Name: </b>BeforeTestStart
                     </div>
                     <div>
                        <b>Signature: </b>BeforeTestStart()[pri:0, instance:test.VerifingImageLogoTakesUserToHomePage@71f2a7d5]
                     </div>
                     <div>
                        <b>Start time: </b>23:24:05
                     </div>
                     <div>
                        <b>End time: </b>23:24:10
                     </div>
                     <div>
                        <b>Duration: </b>5s
                        
                     </div>
                  </div>
               </td>
            </tr>
            <tr></tr>
            <tr id="test.VerifingImageLogoTakesUserToHomePage_ImagelogoClickToHomePage_byStatus_passed_PASS19_row"
                class="testMethodStatusPASS">
               <td width="100%" class="firstMethodCell">
                  <a onclick="toggleDetailsVisibility('test.VerifingImageLogoTakesUserToHomePage_ImagelogoClickToHomePage_byStatus_passed_PASS19_details')">ImagelogoClickToHomePage()</a>
               </td>
               <td nowrap="true">23:24:10</td>
               <td nowrap="true" align="right">29 ms
                  
               </td>
               <td nowrap="true">
                   
                  
               </td>
            </tr>
            <tr>
               <td colspan="4" class="detailsBox">
                  <div id="test.VerifingImageLogoTakesUserToHomePage_ImagelogoClickToHomePage_byStatus_passed_PASS19_details"
                       class="testMethodDetails">
                     <div>
                        <b>Name: </b>ImagelogoClickToHomePage
                     </div>
                     <div>
                        <b>Signature: </b>ImagelogoClickToHomePage()[pri:0, instance:test.VerifingImageLogoTakesUserToHomePage@71f2a7d5]
                     </div>
                     <div>
                        <b>Start time: </b>23:24:10
                     </div>
                     <div>
                        <b>End time: </b>23:24:10
                     </div>
                     <div>
                        <b>Duration: </b>29 ms
                        
                     </div>
                  </div>
               </td>
            </tr>
            <tr></tr>
            <tr id="test.VerifingImageLogoTakesUserToHomePage_afterEachTest_byStatus_passed_PASS20_row"
                class="testMethodStatusPASS testMethodStatusCONF">
               <td width="100%" class="firstMethodCell">
                  <a onclick="toggleDetailsVisibility('test.VerifingImageLogoTakesUserToHomePage_afterEachTest_byStatus_passed_PASS20_details')">afterEachTest()</a>
               </td>
               <td nowrap="true">23:24:10</td>
               <td nowrap="true" align="right">2s
                  
               </td>
               <td nowrap="true">
                   
                  
               </td>
            </tr>
            <tr>
               <td colspan="4" class="detailsBox">
                  <div id="test.VerifingImageLogoTakesUserToHomePage_afterEachTest_byStatus_passed_PASS20_details"
                       class="testMethodDetails">
                     <div>
                        <b>Name: </b>afterEachTest
                     </div>
                     <div>
                        <b>Signature: </b>afterEachTest()[pri:0, instance:test.VerifingImageLogoTakesUserToHomePage@71f2a7d5]
                     </div>
                     <div>
                        <b>Start time: </b>23:24:10
                     </div>
                     <div>
                        <b>End time: </b>23:24:12
                     </div>
                     <div>
                        <b>Duration: </b>2s
                        
                     </div>
                  </div>
               </td>
            </tr>
            <tr></tr>
            <tr id="test.SearchUsedCarByModel_BeforeTestStart_byStatus_passed_PASS21_row"
                class="testMethodStatusPASS testMethodStatusCONF">
               <td width="100%" class="firstMethodCell">
                  <a onclick="toggleDetailsVisibility('test.SearchUsedCarByModel_BeforeTestStart_byStatus_passed_PASS21_details')">BeforeTestStart()</a>
               </td>
               <td nowrap="true">23:23:01</td>
               <td nowrap="true" align="right">5s
                  
               </td>
               <td nowrap="true">
                   
                  
               </td>
            </tr>
            <tr>
               <td colspan="4" class="detailsBox">
                  <div id="test.SearchUsedCarByModel_BeforeTestStart_byStatus_passed_PASS21_details"
                       class="testMethodDetails">
                     <div>
                        <b>Name: </b>BeforeTestStart
                     </div>
                     <div>
                        <b>Signature: </b>BeforeTestStart()[pri:0, instance:test.SearchUsedCarByModel@21a06946]
                     </div>
                     <div>
                        <b>Start time: </b>23:23:01
                     </div>
                     <div>
                        <b>End time: </b>23:23:06
                     </div>
                     <div>
                        <b>Duration: </b>5s
                        
                     </div>
                  </div>
               </td>
            </tr>
            <tr></tr>
            <tr id="test.SearchUsedCarByModel_UsedCarByModel_byStatus_passed_PASS22_row"
                class="testMethodStatusPASS">
               <td width="100%" class="firstMethodCell">
                  <a onclick="toggleDetailsVisibility('test.SearchUsedCarByModel_UsedCarByModel_byStatus_passed_PASS22_details')">UsedCarByModel()</a>
               </td>
               <td nowrap="true">23:23:06</td>
               <td nowrap="true" align="right">9s
                  
               </td>
               <td nowrap="true">
                   
                  
               </td>
            </tr>
            <tr>
               <td colspan="4" class="detailsBox">
                  <div id="test.SearchUsedCarByModel_UsedCarByModel_byStatus_passed_PASS22_details"
                       class="testMethodDetails">
                     <div>
                        <b>Name: </b>UsedCarByModel
                     </div>
                     <div>
                        <b>Signature: </b>UsedCarByModel()[pri:0, instance:test.SearchUsedCarByModel@21a06946]
                     </div>
                     <div>
                        <b>Start time: </b>23:23:06
                     </div>
                     <div>
                        <b>End time: </b>23:23:15
                     </div>
                     <div>
                        <b>Duration: </b>9s
                        
                     </div>
                  </div>
               </td>
            </tr>
            <tr></tr>
            <tr id="test.SearchUsedCarByModel_afterEachTest_byStatus_passed_PASS23_row"
                class="testMethodStatusPASS testMethodStatusCONF">
               <td width="100%" class="firstMethodCell">
                  <a onclick="toggleDetailsVisibility('test.SearchUsedCarByModel_afterEachTest_byStatus_passed_PASS23_details')">afterEachTest()</a>
               </td>
               <td nowrap="true">23:23:15</td>
               <td nowrap="true" align="right">2s
                  
               </td>
               <td nowrap="true">
                   
                  
               </td>
            </tr>
            <tr>
               <td colspan="4" class="detailsBox">
                  <div id="test.SearchUsedCarByModel_afterEachTest_byStatus_passed_PASS23_details"
                       class="testMethodDetails">
                     <div>
                        <b>Name: </b>afterEachTest
                     </div>
                     <div>
                        <b>Signature: </b>afterEachTest()[pri:0, instance:test.SearchUsedCarByModel@21a06946]
                     </div>
                     <div>
                        <b>Start time: </b>23:23:15
                     </div>
                     <div>
                        <b>End time: </b>23:23:17
                     </div>
                     <div>
                        <b>Duration: </b>2s
                        
                     </div>
                  </div>
               </td>
            </tr>
            <tr></tr>
            <tr id="test.TotalDropDownCount_BeforeTestStart_byStatus_passed_PASS24_row"
                class="testMethodStatusPASS testMethodStatusCONF">
               <td width="100%" class="firstMethodCell">
                  <a onclick="toggleDetailsVisibility('test.TotalDropDownCount_BeforeTestStart_byStatus_passed_PASS24_details')">BeforeTestStart()</a>
               </td>
               <td nowrap="true">23:22:54</td>
               <td nowrap="true" align="right">5s
                  
               </td>
               <td nowrap="true">
                   
                  
               </td>
            </tr>
            <tr>
               <td colspan="4" class="detailsBox">
                  <div id="test.TotalDropDownCount_BeforeTestStart_byStatus_passed_PASS24_details"
                       class="testMethodDetails">
                     <div>
                        <b>Name: </b>BeforeTestStart
                     </div>
                     <div>
                        <b>Signature: </b>BeforeTestStart()[pri:0, instance:test.TotalDropDownCount@483bf400]
                     </div>
                     <div>
                        <b>Start time: </b>23:22:54
                     </div>
                     <div>
                        <b>End time: </b>23:22:59
                     </div>
                     <div>
                        <b>Duration: </b>5s
                        
                     </div>
                  </div>
               </td>
            </tr>
            <tr></tr>
            <tr id="test.TotalDropDownCount_AllDropDownCount_byStatus_passed_PASS25_row"
                class="testMethodStatusPASS">
               <td width="100%" class="firstMethodCell">
                  <a onclick="toggleDetailsVisibility('test.TotalDropDownCount_AllDropDownCount_byStatus_passed_PASS25_details')">AllDropDownCount()</a>
               </td>
               <td nowrap="true">23:22:59</td>
               <td nowrap="true" align="right">22 ms
                  
               </td>
               <td nowrap="true">
                   
                  
               </td>
            </tr>
            <tr>
               <td colspan="4" class="detailsBox">
                  <div id="test.TotalDropDownCount_AllDropDownCount_byStatus_passed_PASS25_details"
                       class="testMethodDetails">
                     <div>
                        <b>Name: </b>AllDropDownCount
                     </div>
                     <div>
                        <b>Signature: </b>AllDropDownCount()[pri:0, instance:test.TotalDropDownCount@483bf400]
                     </div>
                     <div>
                        <b>Start time: </b>23:22:59
                     </div>
                     <div>
                        <b>End time: </b>23:22:59
                     </div>
                     <div>
                        <b>Duration: </b>22 ms
                        
                     </div>
                  </div>
               </td>
            </tr>
            <tr></tr>
            <tr id="test.TotalDropDownCount_afterEachTest_byStatus_passed_PASS26_row"
                class="testMethodStatusPASS testMethodStatusCONF">
               <td width="100%" class="firstMethodCell">
                  <a onclick="toggleDetailsVisibility('test.TotalDropDownCount_afterEachTest_byStatus_passed_PASS26_details')">afterEachTest()</a>
               </td>
               <td nowrap="true">23:22:59</td>
               <td nowrap="true" align="right">2s
                  
               </td>
               <td nowrap="true">
                   
                  
               </td>
            </tr>
            <tr>
               <td colspan="4" class="detailsBox">
                  <div id="test.TotalDropDownCount_afterEachTest_byStatus_passed_PASS26_details"
                       class="testMethodDetails">
                     <div>
                        <b>Name: </b>afterEachTest
                     </div>
                     <div>
                        <b>Signature: </b>afterEachTest()[pri:0, instance:test.TotalDropDownCount@483bf400]
                     </div>
                     <div>
                        <b>Start time: </b>23:22:59
                     </div>
                     <div>
                        <b>End time: </b>23:23:01
                     </div>
                     <div>
                        <b>Duration: </b>2s
                        
                     </div>
                  </div>
               </td>
            </tr>
            <tr></tr>
         </table>
      </div>
      <div id="testMethodsByClass" style="display: none;">
         <table class="testMethodsTable" cellpadding="0" cellspacing="0">
            <tr>
               <td colspan="4">
                  <h3 style="display: inline;">test.Headertabs</h3>
               </td>
            </tr>
            <tr class="methodsTableHeader">
               <td width="100%">Name</td>
               <td nowrap="true">Started</td>
               <td nowrap="true">Duration</td>
               <td>Exception</td>
            </tr>
            <tr id="test.Headertabs_BeforeTestStart_byClass_PASS1_row"
                class="testMethodStatusPASS testMethodStatusCONF">
               <td width="100%" class="firstMethodCell">
                  <a onclick="toggleDetailsVisibility('test.Headertabs_BeforeTestStart_byClass_PASS1_details')">BeforeTestStart()</a>
               </td>
               <td nowrap="true">23:23:28</td>
               <td nowrap="true" align="right">5s
                  
               </td>
               <td nowrap="true">
                   
                  
               </td>
            </tr>
            <tr>
               <td colspan="4" class="detailsBox">
                  <div id="test.Headertabs_BeforeTestStart_byClass_PASS1_details"
                       class="testMethodDetails">
                     <div>
                        <b>Name: </b>BeforeTestStart
                     </div>
                     <div>
                        <b>Signature: </b>BeforeTestStart()[pri:0, instance:test.Headertabs@326de728]
                     </div>
                     <div>
                        <b>Start time: </b>23:23:28
                     </div>
                     <div>
                        <b>End time: </b>23:23:33
                     </div>
                     <div>
                        <b>Duration: </b>5s
                        
                     </div>
                  </div>
               </td>
            </tr>
            <tr></tr>
            <tr id="test.Headertabs_Headertabsclick_byClass_PASS2_row"
                class="testMethodStatusPASS">
               <td width="100%" class="firstMethodCell">
                  <a onclick="toggleDetailsVisibility('test.Headertabs_Headertabsclick_byClass_PASS2_details')">Headertabsclick()</a>
               </td>
               <td nowrap="true">23:23:33</td>
               <td nowrap="true" align="right">14s
                  
               </td>
               <td nowrap="true">
                   
                  
               </td>
            </tr>
            <tr>
               <td colspan="4" class="detailsBox">
                  <div id="test.Headertabs_Headertabsclick_byClass_PASS2_details"
                       class="testMethodDetails">
                     <div>
                        <b>Name: </b>Headertabsclick
                     </div>
                     <div>
                        <b>Signature: </b>Headertabsclick()[pri:0, instance:test.Headertabs@326de728]
                     </div>
                     <div>
                        <b>Start time: </b>23:23:33
                     </div>
                     <div>
                        <b>End time: </b>23:23:46
                     </div>
                     <div>
                        <b>Duration: </b>14s
                        
                     </div>
                  </div>
               </td>
            </tr>
            <tr></tr>
            <tr id="test.Headertabs_afterEachTest_byClass_PASS3_row"
                class="testMethodStatusPASS testMethodStatusCONF">
               <td width="100%" class="firstMethodCell">
                  <a onclick="toggleDetailsVisibility('test.Headertabs_afterEachTest_byClass_PASS3_details')">afterEachTest()</a>
               </td>
               <td nowrap="true">23:23:46</td>
               <td nowrap="true" align="right">176 ms
                  
               </td>
               <td nowrap="true">
                   
                  
               </td>
            </tr>
            <tr>
               <td colspan="4" class="detailsBox">
                  <div id="test.Headertabs_afterEachTest_byClass_PASS3_details"
                       class="testMethodDetails">
                     <div>
                        <b>Name: </b>afterEachTest
                     </div>
                     <div>
                        <b>Signature: </b>afterEachTest()[pri:0, instance:test.Headertabs@326de728]
                     </div>
                     <div>
                        <b>Start time: </b>23:23:46
                     </div>
                     <div>
                        <b>End time: </b>23:23:46
                     </div>
                     <div>
                        <b>Duration: </b>176 ms
                        
                     </div>
                  </div>
               </td>
            </tr>
            <tr></tr>
         </table>
         <br></br>
         <table class="testMethodsTable" cellpadding="0" cellspacing="0">
            <tr>
               <td colspan="4">
                  <h3 style="display: inline;">test.MyAccounttab</h3>
               </td>
            </tr>
            <tr class="methodsTableHeader">
               <td width="100%">Name</td>
               <td nowrap="true">Started</td>
               <td nowrap="true">Duration</td>
               <td>Exception</td>
            </tr>
            <tr id="test.MyAccounttab_BeforeTestStart_byClass_PASS1_row"
                class="testMethodStatusPASS testMethodStatusCONF">
               <td width="100%" class="firstMethodCell">
                  <a onclick="toggleDetailsVisibility('test.MyAccounttab_BeforeTestStart_byClass_PASS1_details')">BeforeTestStart()</a>
               </td>
               <td nowrap="true">23:24:12</td>
               <td nowrap="true" align="right">5s
                  
               </td>
               <td nowrap="true">
                   
                  
               </td>
            </tr>
            <tr>
               <td colspan="4" class="detailsBox">
                  <div id="test.MyAccounttab_BeforeTestStart_byClass_PASS1_details"
                       class="testMethodDetails">
                     <div>
                        <b>Name: </b>BeforeTestStart
                     </div>
                     <div>
                        <b>Signature: </b>BeforeTestStart()[pri:0, instance:test.MyAccounttab@2cfb4a64]
                     </div>
                     <div>
                        <b>Start time: </b>23:24:12
                     </div>
                     <div>
                        <b>End time: </b>23:24:17
                     </div>
                     <div>
                        <b>Duration: </b>5s
                        
                     </div>
                  </div>
               </td>
            </tr>
            <tr></tr>
            <tr id="test.MyAccounttab_myaccounttabclick_byClass_FAIL2_row"
                class="testMethodStatusFAIL">
               <td width="100%" class="firstMethodCell">
                  <a onclick="toggleDetailsVisibility('test.MyAccounttab_myaccounttabclick_byClass_FAIL2_details')">myaccounttabclick()</a>
               </td>
               <td nowrap="true">23:24:17</td>
               <td nowrap="true" align="right">9s
                  
               </td>
               <td nowrap="true">
                  <a onclick="toggleDetailsVisibility('test.MyAccounttab_myaccounttabclick_byClass_FAIL2_exception')">org.openqa.selenium.ElementClickInterceptedException: 
                     element click intercepted: Element &lt;button class="btn btn-md btn-primary col-xs-12 ft-submit ft-login-next-button" type="submit"&gt;...&lt;/button&gt;
                     is not clickable at point (631, 354). Other element would receive the click: &lt;div class="cg-gearbox-spinner__default"&gt;...&lt;/div&gt;
                     (Session info: chrome=75.0.3770.100)
                     (Driver info: chromedriver=74.0.3729.6 (255758eccf3d244491b8a1317aa76e1ce10d57e9-refs/branch-heads/3729@{#29}),platform=Windows
                     NT 10.0.17134 x86_64) (WARNING: The server did not provide any stacktrace information)
                     Command duration or timeout: 0 milliseconds
                     Build info: version: '3.8.1', revision: '6e95a6684b', time: '2017-12-01T19:05:14.666Z'
                     System info: host: 'DESKTOP-G2F8N5K', ip: '192.168.1.29', os.name: 'Windows 10', os.arch: 'amd64', os.version: '10.0', java.version:
                     '1.8.0_191'
                     Driver info: org.openqa.selenium.chrome.ChromeDriver
                     Capabilities {acceptInsecureCerts: false, acceptSslCerts: false, applicationCacheEnabled: false, browserConnectionEnabled:
                     false, browserName: chrome, chrome: {chromedriverVersion: 74.0.3729.6 (255758eccf3d24..., userDataDir: C:\Users\DevilR\AppData\Loc...},
                     cssSelectorsEnabled: true, databaseEnabled: false, goog:chromeOptions: {debuggerAddress: localhost:58500}, handlesAlerts:
                     true, hasTouchScreen: false, javascriptEnabled: true, locationContextEnabled: true, mobileEmulationEnabled: false, nativeEvents:
                     true, networkConnectionEnabled: false, pageLoadStrategy: normal, platform: XP, platformName: XP, proxy: Proxy(), rotatable:
                     false, setWindowRect: true, strictFileInteractability: false, takesHeapSnapshot: true, takesScreenshot: true, timeouts: {implicit:
                     0, pageLoad: 300000, script: 30000}, unexpectedAlertBehaviour: ignore, unhandledPromptBehavior: ignore, version: 75.0.3770.100,
                     webStorageEnabled: true}
                     Session ID: 9578b8f5e32e90c134fdaa5e98f3f485
                     
                  </a>
                   
                  
               </td>
            </tr>
            <tr>
               <td colspan="4" class="detailsBox">
                  <div id="test.MyAccounttab_myaccounttabclick_byClass_FAIL2_details"
                       class="testMethodDetails">
                     <div>
                        <b>Name: </b>myaccounttabclick
                     </div>
                     <div>
                        <b>Signature: </b>myaccounttabclick()[pri:0, instance:test.MyAccounttab@2cfb4a64]
                     </div>
                     <div>
                        <b>Start time: </b>23:24:17
                     </div>
                     <div>
                        <b>End time: </b>23:24:26
                     </div>
                     <div>
                        <b>Duration: </b>9s
                        
                     </div>
                  </div>
               </td>
            </tr>
            <tr>
               <td colspan="4" class="detailsBox">
                  <div id="test.MyAccounttab_myaccounttabclick_byClass_FAIL2_exception"
                       class="testMethodDetails">
                     <pre style="padding: 5px; margin: 0;">org.openqa.selenium.ElementClickInterceptedException: element click intercepted: Element &lt;button class="btn btn-md btn-primary
                        col-xs-12 ft-submit ft-login-next-button" type="submit"&gt;...&lt;/button&gt; is not clickable at point (631, 354). Other element would
                        receive the click: &lt;div class="cg-gearbox-spinner__default"&gt;...&lt;/div&gt;
                        (Session info: chrome=75.0.3770.100)
                        (Driver info: chromedriver=74.0.3729.6 (255758eccf3d244491b8a1317aa76e1ce10d57e9-refs/branch-heads/3729@{#29}),platform=Windows
                        NT 10.0.17134 x86_64) (WARNING: The server did not provide any stacktrace information)
                        Command duration or timeout: 0 milliseconds
                        Build info: version: '3.8.1', revision: '6e95a6684b', time: '2017-12-01T19:05:14.666Z'
                        System info: host: 'DESKTOP-G2F8N5K', ip: '192.168.1.29', os.name: 'Windows 10', os.arch: 'amd64', os.version: '10.0', java.version:
                        '1.8.0_191'
                        Driver info: org.openqa.selenium.chrome.ChromeDriver
                        Capabilities {acceptInsecureCerts: false, acceptSslCerts: false, applicationCacheEnabled: false, browserConnectionEnabled:
                        false, browserName: chrome, chrome: {chromedriverVersion: 74.0.3729.6 (255758eccf3d24..., userDataDir: C:\Users\DevilR\AppData\Loc...},
                        cssSelectorsEnabled: true, databaseEnabled: false, goog:chromeOptions: {debuggerAddress: localhost:58500}, handlesAlerts:
                        true, hasTouchScreen: false, javascriptEnabled: true, locationContextEnabled: true, mobileEmulationEnabled: false, nativeEvents:
                        true, networkConnectionEnabled: false, pageLoadStrategy: normal, platform: XP, platformName: XP, proxy: Proxy(), rotatable:
                        false, setWindowRect: true, strictFileInteractability: false, takesHeapSnapshot: true, takesScreenshot: true, timeouts: {implicit:
                        0, pageLoad: 300000, script: 30000}, unexpectedAlertBehaviour: ignore, unhandledPromptBehavior: ignore, version: 75.0.3770.100,
                        webStorageEnabled: true}
                        Session ID: 9578b8f5e32e90c134fdaa5e98f3f485
                        	at sun.reflect.NativeConstructorAccessorImpl.newInstance0(Native Method)
                        	at sun.reflect.NativeConstructorAccessorImpl.newInstance(Unknown Source)
                        	at sun.reflect.DelegatingConstructorAccessorImpl.newInstance(Unknown Source)
                        	at java.lang.reflect.Constructor.newInstance(Unknown Source)
                        	at org.openqa.selenium.remote.ErrorHandler.createThrowable(ErrorHandler.java:214)
                        	at org.openqa.selenium.remote.ErrorHandler.throwIfResponseFailed(ErrorHandler.java:166)
                        	at org.openqa.selenium.remote.http.JsonHttpResponseCodec.reconstructValue(JsonHttpResponseCodec.java:40)
                        	at org.openqa.selenium.remote.http.AbstractHttpResponseCodec.decode(AbstractHttpResponseCodec.java:80)
                        	at org.openqa.selenium.remote.http.AbstractHttpResponseCodec.decode(AbstractHttpResponseCodec.java:44)
                        	at org.openqa.selenium.remote.HttpCommandExecutor.execute(HttpCommandExecutor.java:164)
                        	at org.openqa.selenium.remote.service.DriverCommandExecutor.execute(DriverCommandExecutor.java:83)
                        	at org.openqa.selenium.remote.RemoteWebDriver.execute(RemoteWebDriver.java:601)
                        	at org.openqa.selenium.remote.RemoteWebElement.execute(RemoteWebElement.java:279)
                        	at org.openqa.selenium.remote.RemoteWebElement.click(RemoteWebElement.java:83)
                        	at utils.WebDriverFunctions.logInToCarGuru(WebDriverFunctions.java:24)
                        	at test.MyAccounttab.myaccounttabclick(MyAccounttab.java:13)
                        	at sun.reflect.NativeMethodAccessorImpl.invoke0(Native Method)
                        	at sun.reflect.NativeMethodAccessorImpl.invoke(Unknown Source)
                        	at sun.reflect.DelegatingMethodAccessorImpl.invoke(Unknown Source)
                        	at java.lang.reflect.Method.invoke(Unknown Source)
                        	at org.testng.internal.MethodInvocationHelper.invokeMethod(MethodInvocationHelper.java:85)
                        	at org.testng.internal.Invoker.invokeMethod(Invoker.java:639)
                        	at org.testng.internal.Invoker.invokeTestMethod(Invoker.java:816)
                        	at org.testng.internal.Invoker.invokeTestMethods(Invoker.java:1124)
                        	at org.testng.internal.TestMethodWorker.invokeTestMethods(TestMethodWorker.java:125)
                        	at org.testng.internal.TestMethodWorker.run(TestMethodWorker.java:108)
                        	at org.testng.TestRunner.privateRun(TestRunner.java:774)
                        	at org.testng.TestRunner.run(TestRunner.java:624)
                        	at org.testng.SuiteRunner.runTest(SuiteRunner.java:359)
                        	at org.testng.SuiteRunner.runSequentially(SuiteRunner.java:354)
                        	at org.testng.SuiteRunner.privateRun(SuiteRunner.java:312)
                        	at org.testng.SuiteRunner.run(SuiteRunner.java:261)
                        	at org.testng.SuiteRunnerWorker.runSuite(SuiteRunnerWorker.java:52)
                        	at org.testng.SuiteRunnerWorker.run(SuiteRunnerWorker.java:86)
                        	at org.testng.TestNG.runSuitesSequentially(TestNG.java:1215)
                        	at org.testng.TestNG.runSuitesLocally(TestNG.java:1140)
                        	at org.testng.TestNG.run(TestNG.java:1048)
                        	at org.testng.TestNG.privateMain(TestNG.java:1355)
                        	at org.testng.TestNG.main(TestNG.java:1324)
                     </pre>
                  </div>
               </td>
            </tr>
            <tr id="test.MyAccounttab_afterEachTest_byClass_PASS3_row"
                class="testMethodStatusPASS testMethodStatusCONF">
               <td width="100%" class="firstMethodCell">
                  <a onclick="toggleDetailsVisibility('test.MyAccounttab_afterEachTest_byClass_PASS3_details')">afterEachTest()</a>
               </td>
               <td nowrap="true">23:24:26</td>
               <td nowrap="true" align="right">59 ms
                  
               </td>
               <td nowrap="true">
                   
                  
               </td>
            </tr>
            <tr>
               <td colspan="4" class="detailsBox">
                  <div id="test.MyAccounttab_afterEachTest_byClass_PASS3_details"
                       class="testMethodDetails">
                     <div>
                        <b>Name: </b>afterEachTest
                     </div>
                     <div>
                        <b>Signature: </b>afterEachTest()[pri:0, instance:test.MyAccounttab@2cfb4a64]
                     </div>
                     <div>
                        <b>Start time: </b>23:24:26
                     </div>
                     <div>
                        <b>End time: </b>23:24:26
                     </div>
                     <div>
                        <b>Duration: </b>59 ms
                        
                     </div>
                  </div>
               </td>
            </tr>
            <tr></tr>
         </table>
         <br></br>
         <table class="testMethodsTable" cellpadding="0" cellspacing="0">
            <tr>
               <td colspan="4">
                  <h3 style="display: inline;">test.SearchUsedCarByModel</h3>
               </td>
            </tr>
            <tr class="methodsTableHeader">
               <td width="100%">Name</td>
               <td nowrap="true">Started</td>
               <td nowrap="true">Duration</td>
               <td>Exception</td>
            </tr>
            <tr id="test.SearchUsedCarByModel_BeforeTestStart_byClass_PASS1_row"
                class="testMethodStatusPASS testMethodStatusCONF">
               <td width="100%" class="firstMethodCell">
                  <a onclick="toggleDetailsVisibility('test.SearchUsedCarByModel_BeforeTestStart_byClass_PASS1_details')">BeforeTestStart()</a>
               </td>
               <td nowrap="true">23:23:01</td>
               <td nowrap="true" align="right">5s
                  
               </td>
               <td nowrap="true">
                   
                  
               </td>
            </tr>
            <tr>
               <td colspan="4" class="detailsBox">
                  <div id="test.SearchUsedCarByModel_BeforeTestStart_byClass_PASS1_details"
                       class="testMethodDetails">
                     <div>
                        <b>Name: </b>BeforeTestStart
                     </div>
                     <div>
                        <b>Signature: </b>BeforeTestStart()[pri:0, instance:test.SearchUsedCarByModel@21a06946]
                     </div>
                     <div>
                        <b>Start time: </b>23:23:01
                     </div>
                     <div>
                        <b>End time: </b>23:23:06
                     </div>
                     <div>
                        <b>Duration: </b>5s
                        
                     </div>
                  </div>
               </td>
            </tr>
            <tr></tr>
            <tr id="test.SearchUsedCarByModel_UsedCarByModel_byClass_PASS2_row"
                class="testMethodStatusPASS">
               <td width="100%" class="firstMethodCell">
                  <a onclick="toggleDetailsVisibility('test.SearchUsedCarByModel_UsedCarByModel_byClass_PASS2_details')">UsedCarByModel()</a>
               </td>
               <td nowrap="true">23:23:06</td>
               <td nowrap="true" align="right">9s
                  
               </td>
               <td nowrap="true">
                   
                  
               </td>
            </tr>
            <tr>
               <td colspan="4" class="detailsBox">
                  <div id="test.SearchUsedCarByModel_UsedCarByModel_byClass_PASS2_details"
                       class="testMethodDetails">
                     <div>
                        <b>Name: </b>UsedCarByModel
                     </div>
                     <div>
                        <b>Signature: </b>UsedCarByModel()[pri:0, instance:test.SearchUsedCarByModel@21a06946]
                     </div>
                     <div>
                        <b>Start time: </b>23:23:06
                     </div>
                     <div>
                        <b>End time: </b>23:23:15
                     </div>
                     <div>
                        <b>Duration: </b>9s
                        
                     </div>
                  </div>
               </td>
            </tr>
            <tr></tr>
            <tr id="test.SearchUsedCarByModel_afterEachTest_byClass_PASS3_row"
                class="testMethodStatusPASS testMethodStatusCONF">
               <td width="100%" class="firstMethodCell">
                  <a onclick="toggleDetailsVisibility('test.SearchUsedCarByModel_afterEachTest_byClass_PASS3_details')">afterEachTest()</a>
               </td>
               <td nowrap="true">23:23:15</td>
               <td nowrap="true" align="right">2s
                  
               </td>
               <td nowrap="true">
                   
                  
               </td>
            </tr>
            <tr>
               <td colspan="4" class="detailsBox">
                  <div id="test.SearchUsedCarByModel_afterEachTest_byClass_PASS3_details"
                       class="testMethodDetails">
                     <div>
                        <b>Name: </b>afterEachTest
                     </div>
                     <div>
                        <b>Signature: </b>afterEachTest()[pri:0, instance:test.SearchUsedCarByModel@21a06946]
                     </div>
                     <div>
                        <b>Start time: </b>23:23:15
                     </div>
                     <div>
                        <b>End time: </b>23:23:17
                     </div>
                     <div>
                        <b>Duration: </b>2s
                        
                     </div>
                  </div>
               </td>
            </tr>
            <tr></tr>
         </table>
         <br></br>
         <table class="testMethodsTable" cellpadding="0" cellspacing="0">
            <tr>
               <td colspan="4">
                  <h3 style="display: inline;">test.TotalDropDownCount</h3>
               </td>
            </tr>
            <tr class="methodsTableHeader">
               <td width="100%">Name</td>
               <td nowrap="true">Started</td>
               <td nowrap="true">Duration</td>
               <td>Exception</td>
            </tr>
            <tr id="test.TotalDropDownCount_BeforeTestStart_byClass_PASS1_row"
                class="testMethodStatusPASS testMethodStatusCONF">
               <td width="100%" class="firstMethodCell">
                  <a onclick="toggleDetailsVisibility('test.TotalDropDownCount_BeforeTestStart_byClass_PASS1_details')">BeforeTestStart()</a>
               </td>
               <td nowrap="true">23:22:54</td>
               <td nowrap="true" align="right">5s
                  
               </td>
               <td nowrap="true">
                   
                  
               </td>
            </tr>
            <tr>
               <td colspan="4" class="detailsBox">
                  <div id="test.TotalDropDownCount_BeforeTestStart_byClass_PASS1_details"
                       class="testMethodDetails">
                     <div>
                        <b>Name: </b>BeforeTestStart
                     </div>
                     <div>
                        <b>Signature: </b>BeforeTestStart()[pri:0, instance:test.TotalDropDownCount@483bf400]
                     </div>
                     <div>
                        <b>Start time: </b>23:22:54
                     </div>
                     <div>
                        <b>End time: </b>23:22:59
                     </div>
                     <div>
                        <b>Duration: </b>5s
                        
                     </div>
                  </div>
               </td>
            </tr>
            <tr></tr>
            <tr id="test.TotalDropDownCount_AllDropDownCount_byClass_PASS2_row"
                class="testMethodStatusPASS">
               <td width="100%" class="firstMethodCell">
                  <a onclick="toggleDetailsVisibility('test.TotalDropDownCount_AllDropDownCount_byClass_PASS2_details')">AllDropDownCount()</a>
               </td>
               <td nowrap="true">23:22:59</td>
               <td nowrap="true" align="right">22 ms
                  
               </td>
               <td nowrap="true">
                   
                  
               </td>
            </tr>
            <tr>
               <td colspan="4" class="detailsBox">
                  <div id="test.TotalDropDownCount_AllDropDownCount_byClass_PASS2_details"
                       class="testMethodDetails">
                     <div>
                        <b>Name: </b>AllDropDownCount
                     </div>
                     <div>
                        <b>Signature: </b>AllDropDownCount()[pri:0, instance:test.TotalDropDownCount@483bf400]
                     </div>
                     <div>
                        <b>Start time: </b>23:22:59
                     </div>
                     <div>
                        <b>End time: </b>23:22:59
                     </div>
                     <div>
                        <b>Duration: </b>22 ms
                        
                     </div>
                  </div>
               </td>
            </tr>
            <tr></tr>
            <tr id="test.TotalDropDownCount_afterEachTest_byClass_PASS3_row"
                class="testMethodStatusPASS testMethodStatusCONF">
               <td width="100%" class="firstMethodCell">
                  <a onclick="toggleDetailsVisibility('test.TotalDropDownCount_afterEachTest_byClass_PASS3_details')">afterEachTest()</a>
               </td>
               <td nowrap="true">23:22:59</td>
               <td nowrap="true" align="right">2s
                  
               </td>
               <td nowrap="true">
                   
                  
               </td>
            </tr>
            <tr>
               <td colspan="4" class="detailsBox">
                  <div id="test.TotalDropDownCount_afterEachTest_byClass_PASS3_details"
                       class="testMethodDetails">
                     <div>
                        <b>Name: </b>afterEachTest
                     </div>
                     <div>
                        <b>Signature: </b>afterEachTest()[pri:0, instance:test.TotalDropDownCount@483bf400]
                     </div>
                     <div>
                        <b>Start time: </b>23:22:59
                     </div>
                     <div>
                        <b>End time: </b>23:23:01
                     </div>
                     <div>
                        <b>Duration: </b>2s
                        
                     </div>
                  </div>
               </td>
            </tr>
            <tr></tr>
         </table>
         <br></br>
         <table class="testMethodsTable" cellpadding="0" cellspacing="0">
            <tr>
               <td colspan="4">
                  <h3 style="display: inline;">test.TotalImgsCount</h3>
               </td>
            </tr>
            <tr class="methodsTableHeader">
               <td width="100%">Name</td>
               <td nowrap="true">Started</td>
               <td nowrap="true">Duration</td>
               <td>Exception</td>
            </tr>
            <tr id="test.TotalImgsCount_BeforeTestStart_byClass_PASS1_row"
                class="testMethodStatusPASS testMethodStatusCONF">
               <td width="100%" class="firstMethodCell">
                  <a onclick="toggleDetailsVisibility('test.TotalImgsCount_BeforeTestStart_byClass_PASS1_details')">BeforeTestStart()</a>
               </td>
               <td nowrap="true">23:22:46</td>
               <td nowrap="true" align="right">6s
                  
               </td>
               <td nowrap="true">
                   
                  
               </td>
            </tr>
            <tr>
               <td colspan="4" class="detailsBox">
                  <div id="test.TotalImgsCount_BeforeTestStart_byClass_PASS1_details"
                       class="testMethodDetails">
                     <div>
                        <b>Name: </b>BeforeTestStart
                     </div>
                     <div>
                        <b>Signature: </b>BeforeTestStart()[pri:0, instance:test.TotalImgsCount@3ecf72fd]
                     </div>
                     <div>
                        <b>Start time: </b>23:22:46
                     </div>
                     <div>
                        <b>End time: </b>23:22:52
                     </div>
                     <div>
                        <b>Duration: </b>6s
                        
                     </div>
                  </div>
               </td>
            </tr>
            <tr></tr>
            <tr id="test.TotalImgsCount_AllImgsCount_byClass_PASS2_row"
                class="testMethodStatusPASS">
               <td width="100%" class="firstMethodCell">
                  <a onclick="toggleDetailsVisibility('test.TotalImgsCount_AllImgsCount_byClass_PASS2_details')">AllImgsCount()</a>
               </td>
               <td nowrap="true">23:22:52</td>
               <td nowrap="true" align="right">38 ms
                  
               </td>
               <td nowrap="true">
                   
                  
               </td>
            </tr>
            <tr>
               <td colspan="4" class="detailsBox">
                  <div id="test.TotalImgsCount_AllImgsCount_byClass_PASS2_details"
                       class="testMethodDetails">
                     <div>
                        <b>Name: </b>AllImgsCount
                     </div>
                     <div>
                        <b>Signature: </b>AllImgsCount()[pri:0, instance:test.TotalImgsCount@3ecf72fd]
                     </div>
                     <div>
                        <b>Start time: </b>23:22:52
                     </div>
                     <div>
                        <b>End time: </b>23:22:52
                     </div>
                     <div>
                        <b>Duration: </b>38 ms
                        
                     </div>
                  </div>
               </td>
            </tr>
            <tr></tr>
            <tr id="test.TotalImgsCount_afterEachTest_byClass_PASS3_row"
                class="testMethodStatusPASS testMethodStatusCONF">
               <td width="100%" class="firstMethodCell">
                  <a onclick="toggleDetailsVisibility('test.TotalImgsCount_afterEachTest_byClass_PASS3_details')">afterEachTest()</a>
               </td>
               <td nowrap="true">23:22:52</td>
               <td nowrap="true" align="right">2s
                  
               </td>
               <td nowrap="true">
                   
                  
               </td>
            </tr>
            <tr>
               <td colspan="4" class="detailsBox">
                  <div id="test.TotalImgsCount_afterEachTest_byClass_PASS3_details"
                       class="testMethodDetails">
                     <div>
                        <b>Name: </b>afterEachTest
                     </div>
                     <div>
                        <b>Signature: </b>afterEachTest()[pri:0, instance:test.TotalImgsCount@3ecf72fd]
                     </div>
                     <div>
                        <b>Start time: </b>23:22:52
                     </div>
                     <div>
                        <b>End time: </b>23:22:54
                     </div>
                     <div>
                        <b>Duration: </b>2s
                        
                     </div>
                  </div>
               </td>
            </tr>
            <tr></tr>
         </table>
         <br></br>
         <table class="testMethodsTable" cellpadding="0" cellspacing="0">
            <tr>
               <td colspan="4">
                  <h3 style="display: inline;">test.TotalLinksCount</h3>
               </td>
            </tr>
            <tr class="methodsTableHeader">
               <td width="100%">Name</td>
               <td nowrap="true">Started</td>
               <td nowrap="true">Duration</td>
               <td>Exception</td>
            </tr>
            <tr id="test.TotalLinksCount_BeforeTestStart_byClass_PASS1_row"
                class="testMethodStatusPASS testMethodStatusCONF">
               <td width="100%" class="firstMethodCell">
                  <a onclick="toggleDetailsVisibility('test.TotalLinksCount_BeforeTestStart_byClass_PASS1_details')">BeforeTestStart()</a>
               </td>
               <td nowrap="true">23:23:17</td>
               <td nowrap="true" align="right">5s
                  
               </td>
               <td nowrap="true">
                   
                  
               </td>
            </tr>
            <tr>
               <td colspan="4" class="detailsBox">
                  <div id="test.TotalLinksCount_BeforeTestStart_byClass_PASS1_details"
                       class="testMethodDetails">
                     <div>
                        <b>Name: </b>BeforeTestStart
                     </div>
                     <div>
                        <b>Signature: </b>BeforeTestStart()[pri:0, instance:test.TotalLinksCount@77f03bb1]
                     </div>
                     <div>
                        <b>Start time: </b>23:23:17
                     </div>
                     <div>
                        <b>End time: </b>23:23:22
                     </div>
                     <div>
                        <b>Duration: </b>5s
                        
                     </div>
                  </div>
               </td>
            </tr>
            <tr></tr>
            <tr id="test.TotalLinksCount_AllLinksCount_byClass_PASS2_row"
                class="testMethodStatusPASS">
               <td width="100%" class="firstMethodCell">
                  <a onclick="toggleDetailsVisibility('test.TotalLinksCount_AllLinksCount_byClass_PASS2_details')">AllLinksCount()</a>
               </td>
               <td nowrap="true">23:23:22</td>
               <td nowrap="true" align="right">3s
                  
               </td>
               <td nowrap="true">
                   
                  
               </td>
            </tr>
            <tr>
               <td colspan="4" class="detailsBox">
                  <div id="test.TotalLinksCount_AllLinksCount_byClass_PASS2_details"
                       class="testMethodDetails">
                     <div>
                        <b>Name: </b>AllLinksCount
                     </div>
                     <div>
                        <b>Signature: </b>AllLinksCount()[pri:0, instance:test.TotalLinksCount@77f03bb1]
                     </div>
                     <div>
                        <b>Start time: </b>23:23:22
                     </div>
                     <div>
                        <b>End time: </b>23:23:26
                     </div>
                     <div>
                        <b>Duration: </b>3s
                        
                     </div>
                  </div>
               </td>
            </tr>
            <tr></tr>
            <tr id="test.TotalLinksCount_afterEachTest_byClass_PASS3_row"
                class="testMethodStatusPASS testMethodStatusCONF">
               <td width="100%" class="firstMethodCell">
                  <a onclick="toggleDetailsVisibility('test.TotalLinksCount_afterEachTest_byClass_PASS3_details')">afterEachTest()</a>
               </td>
               <td nowrap="true">23:23:26</td>
               <td nowrap="true" align="right">2s
                  
               </td>
               <td nowrap="true">
                   
                  
               </td>
            </tr>
            <tr>
               <td colspan="4" class="detailsBox">
                  <div id="test.TotalLinksCount_afterEachTest_byClass_PASS3_details"
                       class="testMethodDetails">
                     <div>
                        <b>Name: </b>afterEachTest
                     </div>
                     <div>
                        <b>Signature: </b>afterEachTest()[pri:0, instance:test.TotalLinksCount@77f03bb1]
                     </div>
                     <div>
                        <b>Start time: </b>23:23:26
                     </div>
                     <div>
                        <b>End time: </b>23:23:28
                     </div>
                     <div>
                        <b>Duration: </b>2s
                        
                     </div>
                  </div>
               </td>
            </tr>
            <tr></tr>
         </table>
         <br></br>
         <table class="testMethodsTable" cellpadding="0" cellspacing="0">
            <tr>
               <td colspan="4">
                  <h3 style="display: inline;">test.VerifingHomePageScrollBarMovesAllTheWayToTheBottomPage</h3>
               </td>
            </tr>
            <tr class="methodsTableHeader">
               <td width="100%">Name</td>
               <td nowrap="true">Started</td>
               <td nowrap="true">Duration</td>
               <td>Exception</td>
            </tr>
            <tr id="test.VerifingHomePageScrollBarMovesAllTheWayToTheBottomPage_BeforeTestStart_byClass_PASS1_row"
                class="testMethodStatusPASS testMethodStatusCONF">
               <td width="100%" class="firstMethodCell">
                  <a onclick="toggleDetailsVisibility('test.VerifingHomePageScrollBarMovesAllTheWayToTheBottomPage_BeforeTestStart_byClass_PASS1_details')">BeforeTestStart()</a>
               </td>
               <td nowrap="true">23:23:46</td>
               <td nowrap="true" align="right">6s
                  
               </td>
               <td nowrap="true">
                   
                  
               </td>
            </tr>
            <tr>
               <td colspan="4" class="detailsBox">
                  <div id="test.VerifingHomePageScrollBarMovesAllTheWayToTheBottomPage_BeforeTestStart_byClass_PASS1_details"
                       class="testMethodDetails">
                     <div>
                        <b>Name: </b>BeforeTestStart
                     </div>
                     <div>
                        <b>Signature: </b>BeforeTestStart()[pri:0, instance:test.VerifingHomePageScrollBarMovesAllTheWayToTheBottomPage@25618e91]
                     </div>
                     <div>
                        <b>Start time: </b>23:23:46
                     </div>
                     <div>
                        <b>End time: </b>23:23:52
                     </div>
                     <div>
                        <b>Duration: </b>6s
                        
                     </div>
                  </div>
               </td>
            </tr>
            <tr></tr>
            <tr id="test.VerifingHomePageScrollBarMovesAllTheWayToTheBottomPage_VerifingScrollBarMovesAllTheWayToTheBottomPage_byClass_PASS2_row"
                class="testMethodStatusPASS">
               <td width="100%" class="firstMethodCell">
                  <a onclick="toggleDetailsVisibility('test.VerifingHomePageScrollBarMovesAllTheWayToTheBottomPage_VerifingScrollBarMovesAllTheWayToTheBottomPage_byClass_PASS2_details')">VerifingScrollBarMovesAllTheWayToTheBottomPage()</a>
               </td>
               <td nowrap="true">23:23:52</td>
               <td nowrap="true" align="right">3s
                  
               </td>
               <td nowrap="true">
                   
                  
               </td>
            </tr>
            <tr>
               <td colspan="4" class="detailsBox">
                  <div id="test.VerifingHomePageScrollBarMovesAllTheWayToTheBottomPage_VerifingScrollBarMovesAllTheWayToTheBottomPage_byClass_PASS2_details"
                       class="testMethodDetails">
                     <div>
                        <b>Name: </b>VerifingScrollBarMovesAllTheWayToTheBottomPage
                     </div>
                     <div>
                        <b>Signature: </b>VerifingScrollBarMovesAllTheWayToTheBottomPage()[pri:0, instance:test.VerifingHomePageScrollBarMovesAllTheWayToTheBottomPage@25618e91]
                     </div>
                     <div>
                        <b>Start time: </b>23:23:52
                     </div>
                     <div>
                        <b>End time: </b>23:23:55
                     </div>
                     <div>
                        <b>Duration: </b>3s
                        
                     </div>
                  </div>
               </td>
            </tr>
            <tr></tr>
            <tr id="test.VerifingHomePageScrollBarMovesAllTheWayToTheBottomPage_afterEachTest_byClass_PASS3_row"
                class="testMethodStatusPASS testMethodStatusCONF">
               <td width="100%" class="firstMethodCell">
                  <a onclick="toggleDetailsVisibility('test.VerifingHomePageScrollBarMovesAllTheWayToTheBottomPage_afterEachTest_byClass_PASS3_details')">afterEachTest()</a>
               </td>
               <td nowrap="true">23:23:55</td>
               <td nowrap="true" align="right">2s
                  
               </td>
               <td nowrap="true">
                   
                  
               </td>
            </tr>
            <tr>
               <td colspan="4" class="detailsBox">
                  <div id="test.VerifingHomePageScrollBarMovesAllTheWayToTheBottomPage_afterEachTest_byClass_PASS3_details"
                       class="testMethodDetails">
                     <div>
                        <b>Name: </b>afterEachTest
                     </div>
                     <div>
                        <b>Signature: </b>afterEachTest()[pri:0, instance:test.VerifingHomePageScrollBarMovesAllTheWayToTheBottomPage@25618e91]
                     </div>
                     <div>
                        <b>Start time: </b>23:23:55
                     </div>
                     <div>
                        <b>End time: </b>23:23:57
                     </div>
                     <div>
                        <b>Duration: </b>2s
                        
                     </div>
                  </div>
               </td>
            </tr>
            <tr></tr>
         </table>
         <br></br>
         <table class="testMethodsTable" cellpadding="0" cellspacing="0">
            <tr>
               <td colspan="4">
                  <h3 style="display: inline;">test.VerifingImageLogoTakesUserToHomePage</h3>
               </td>
            </tr>
            <tr class="methodsTableHeader">
               <td width="100%">Name</td>
               <td nowrap="true">Started</td>
               <td nowrap="true">Duration</td>
               <td>Exception</td>
            </tr>
            <tr id="test.VerifingImageLogoTakesUserToHomePage_BeforeTestStart_byClass_PASS1_row"
                class="testMethodStatusPASS testMethodStatusCONF">
               <td width="100%" class="firstMethodCell">
                  <a onclick="toggleDetailsVisibility('test.VerifingImageLogoTakesUserToHomePage_BeforeTestStart_byClass_PASS1_details')">BeforeTestStart()</a>
               </td>
               <td nowrap="true">23:24:05</td>
               <td nowrap="true" align="right">5s
                  
               </td>
               <td nowrap="true">
                   
                  
               </td>
            </tr>
            <tr>
               <td colspan="4" class="detailsBox">
                  <div id="test.VerifingImageLogoTakesUserToHomePage_BeforeTestStart_byClass_PASS1_details"
                       class="testMethodDetails">
                     <div>
                        <b>Name: </b>BeforeTestStart
                     </div>
                     <div>
                        <b>Signature: </b>BeforeTestStart()[pri:0, instance:test.VerifingImageLogoTakesUserToHomePage@71f2a7d5]
                     </div>
                     <div>
                        <b>Start time: </b>23:24:05
                     </div>
                     <div>
                        <b>End time: </b>23:24:10
                     </div>
                     <div>
                        <b>Duration: </b>5s
                        
                     </div>
                  </div>
               </td>
            </tr>
            <tr></tr>
            <tr id="test.VerifingImageLogoTakesUserToHomePage_ImagelogoClickToHomePage_byClass_PASS2_row"
                class="testMethodStatusPASS">
               <td width="100%" class="firstMethodCell">
                  <a onclick="toggleDetailsVisibility('test.VerifingImageLogoTakesUserToHomePage_ImagelogoClickToHomePage_byClass_PASS2_details')">ImagelogoClickToHomePage()</a>
               </td>
               <td nowrap="true">23:24:10</td>
               <td nowrap="true" align="right">29 ms
                  
               </td>
               <td nowrap="true">
                   
                  
               </td>
            </tr>
            <tr>
               <td colspan="4" class="detailsBox">
                  <div id="test.VerifingImageLogoTakesUserToHomePage_ImagelogoClickToHomePage_byClass_PASS2_details"
                       class="testMethodDetails">
                     <div>
                        <b>Name: </b>ImagelogoClickToHomePage
                     </div>
                     <div>
                        <b>Signature: </b>ImagelogoClickToHomePage()[pri:0, instance:test.VerifingImageLogoTakesUserToHomePage@71f2a7d5]
                     </div>
                     <div>
                        <b>Start time: </b>23:24:10
                     </div>
                     <div>
                        <b>End time: </b>23:24:10
                     </div>
                     <div>
                        <b>Duration: </b>29 ms
                        
                     </div>
                  </div>
               </td>
            </tr>
            <tr></tr>
            <tr id="test.VerifingImageLogoTakesUserToHomePage_afterEachTest_byClass_PASS3_row"
                class="testMethodStatusPASS testMethodStatusCONF">
               <td width="100%" class="firstMethodCell">
                  <a onclick="toggleDetailsVisibility('test.VerifingImageLogoTakesUserToHomePage_afterEachTest_byClass_PASS3_details')">afterEachTest()</a>
               </td>
               <td nowrap="true">23:24:10</td>
               <td nowrap="true" align="right">2s
                  
               </td>
               <td nowrap="true">
                   
                  
               </td>
            </tr>
            <tr>
               <td colspan="4" class="detailsBox">
                  <div id="test.VerifingImageLogoTakesUserToHomePage_afterEachTest_byClass_PASS3_details"
                       class="testMethodDetails">
                     <div>
                        <b>Name: </b>afterEachTest
                     </div>
                     <div>
                        <b>Signature: </b>afterEachTest()[pri:0, instance:test.VerifingImageLogoTakesUserToHomePage@71f2a7d5]
                     </div>
                     <div>
                        <b>Start time: </b>23:24:10
                     </div>
                     <div>
                        <b>End time: </b>23:24:12
                     </div>
                     <div>
                        <b>Duration: </b>2s
                        
                     </div>
                  </div>
               </td>
            </tr>
            <tr></tr>
         </table>
         <br></br>
         <table class="testMethodsTable" cellpadding="0" cellspacing="0">
            <tr>
               <td colspan="4">
                  <h3 style="display: inline;">test.VerifingRightURL</h3>
               </td>
            </tr>
            <tr class="methodsTableHeader">
               <td width="100%">Name</td>
               <td nowrap="true">Started</td>
               <td nowrap="true">Duration</td>
               <td>Exception</td>
            </tr>
            <tr id="test.VerifingRightURL_BeforeTestStart_byClass_PASS1_row"
                class="testMethodStatusPASS testMethodStatusCONF">
               <td width="100%" class="firstMethodCell">
                  <a onclick="toggleDetailsVisibility('test.VerifingRightURL_BeforeTestStart_byClass_PASS1_details')">BeforeTestStart()</a>
               </td>
               <td nowrap="true">23:23:57</td>
               <td nowrap="true" align="right">6s
                  
               </td>
               <td nowrap="true">
                   
                  
               </td>
            </tr>
            <tr>
               <td colspan="4" class="detailsBox">
                  <div id="test.VerifingRightURL_BeforeTestStart_byClass_PASS1_details"
                       class="testMethodDetails">
                     <div>
                        <b>Name: </b>BeforeTestStart
                     </div>
                     <div>
                        <b>Signature: </b>BeforeTestStart()[pri:0, instance:test.VerifingRightURL@7a92922]
                     </div>
                     <div>
                        <b>Start time: </b>23:23:57
                     </div>
                     <div>
                        <b>End time: </b>23:24:03
                     </div>
                     <div>
                        <b>Duration: </b>6s
                        
                     </div>
                  </div>
               </td>
            </tr>
            <tr></tr>
            <tr id="test.VerifingRightURL_UsingRightURL_byClass_PASS2_row"
                class="testMethodStatusPASS">
               <td width="100%" class="firstMethodCell">
                  <a onclick="toggleDetailsVisibility('test.VerifingRightURL_UsingRightURL_byClass_PASS2_details')">UsingRightURL()</a>
               </td>
               <td nowrap="true">23:24:03</td>
               <td nowrap="true" align="right">17 ms
                  
               </td>
               <td nowrap="true">
                   
                  
               </td>
            </tr>
            <tr>
               <td colspan="4" class="detailsBox">
                  <div id="test.VerifingRightURL_UsingRightURL_byClass_PASS2_details"
                       class="testMethodDetails">
                     <div>
                        <b>Name: </b>UsingRightURL
                     </div>
                     <div>
                        <b>Signature: </b>UsingRightURL()[pri:0, instance:test.VerifingRightURL@7a92922]
                     </div>
                     <div>
                        <b>Start time: </b>23:24:03
                     </div>
                     <div>
                        <b>End time: </b>23:24:03
                     </div>
                     <div>
                        <b>Duration: </b>17 ms
                        
                     </div>
                  </div>
               </td>
            </tr>
            <tr></tr>
            <tr id="test.VerifingRightURL_afterEachTest_byClass_PASS3_row"
                class="testMethodStatusPASS testMethodStatusCONF">
               <td width="100%" class="firstMethodCell">
                  <a onclick="toggleDetailsVisibility('test.VerifingRightURL_afterEachTest_byClass_PASS3_details')">afterEachTest()</a>
               </td>
               <td nowrap="true">23:24:03</td>
               <td nowrap="true" align="right">2s
                  
               </td>
               <td nowrap="true">
                   
                  
               </td>
            </tr>
            <tr>
               <td colspan="4" class="detailsBox">
                  <div id="test.VerifingRightURL_afterEachTest_byClass_PASS3_details"
                       class="testMethodDetails">
                     <div>
                        <b>Name: </b>afterEachTest
                     </div>
                     <div>
                        <b>Signature: </b>afterEachTest()[pri:0, instance:test.VerifingRightURL@7a92922]
                     </div>
                     <div>
                        <b>Start time: </b>23:24:03
                     </div>
                     <div>
                        <b>End time: </b>23:24:05
                     </div>
                     <div>
                        <b>Duration: </b>2s
                        
                     </div>
                  </div>
               </td>
            </tr>
            <tr></tr>
         </table>
         <br></br>
      </div>
      <div style="margin-top: 15px; color: gray; text-align: center; font-size: 9px;">
         Generated with
         
         <a href="http://code.google.com/p/testng-xslt/" style="color: #8888aa;"
            target="_blank">
            TestNG XSLT
            
         </a>
      </div>
   </body>
</html>