<?xml version="1.0" encoding="UTF-8"?>
<!-- Generated by org.testng.reporters.JUnitXMLReporter -->
<testsuite hostname="DESKTOP-G2F8N5K" ignored="0" name="Test1" tests="11" failures="0" timestamp="28 Jun 2019 06:30:44 GMT" time="239.02" errors="0">
  <testcase name="AllImgsCount" time="0.062" classname="test.TotalImgsCount"/>
  <testcase name="AllDropDownCount" time="0.028" classname="test.TotalDropDownCount"/>
  <testcase name="UsedCarByModel" time="11.934" classname="test.SearchUsedCarByModel"/>
  <testcase name="AllLinksCount" time="7.278" classname="test.TotalLinksCount"/>
  <testcase name="Headertabsclick" time="25.529" classname="test.Headertabs"/>
  <testcase name="VerifingScrollBarMovesAllTheWayToTheBottomPage" time="3.033" classname="test.VerifingHomePageScrollBarMovesAllTheWayToTheBottomPage"/>
  <testcase name="UsingRightURL" time="0.019" classname="test.VerifingRightURL"/>
  <testcase name="ImagelogoClickToHomePage" time="0.036" classname="test.VerifingImageLogoTakesUserToHomePage"/>
  <testcase name="VerifingFooterTabs" time="12.981" classname="test.FooterTabs">
    <skipped/>
  </testcase> <!-- VerifingFooterTabs -->
  <testcase name="TextWriteInXL" time="0.582" classname="test.WriteInToXL"/>
  <testcase name="NewcarByModel" time="18.049" classname="test.SearchNewCar"/>
</testsuite> <!-- Test1 -->
