<?xml version="1.0" encoding="UTF-8"?>
<testng-results skipped="0" failed="0" ignored="0" total="1" passed="1">
  <reporter-output>
  </reporter-output>
  <suite name="Default suite" duration-ms="8912" started-at="2019-05-23T03:05:54Z" finished-at="2019-05-23T03:06:03Z">
    <groups>
    </groups>
    <test name="Default test" duration-ms="8912" started-at="2019-05-23T03:05:54Z" finished-at="2019-05-23T03:06:03Z">
      <class name="test.UsedCarTab">
        <test-method status="PASS" signature="BeforeTestStart()[pri:0, instance:test.UsedCarTab@3abbfa04]" name="BeforeTestStart" is-config="true" duration-ms="5070" started-at="2019-05-23T03:05:54Z" finished-at="2019-05-23T03:05:59Z">
          <reporter-output>
          </reporter-output>
        </test-method> <!-- BeforeTestStart -->
        <test-method status="PASS" signature="usedcarclick()[pri:0, instance:test.UsedCarTab@3abbfa04]" name="usedcarclick" duration-ms="1489" started-at="2019-05-23T03:05:59Z" finished-at="2019-05-23T03:06:01Z">
          <reporter-output>
          </reporter-output>
        </test-method> <!-- usedcarclick -->
        <test-method status="PASS" signature="afterEachTest()[pri:0, instance:test.UsedCarTab@3abbfa04]" name="afterEachTest" is-config="true" duration-ms="2322" started-at="2019-05-23T03:06:01Z" finished-at="2019-05-23T03:06:03Z">
          <reporter-output>
          </reporter-output>
        </test-method> <!-- afterEachTest -->
      </class> <!-- test.UsedCarTab -->
    </test> <!-- Default test -->
  </suite> <!-- Default suite -->
</testng-results>
