<?xml version="1.0" encoding="UTF-8"?>
<testng-results skipped="0" failed="0" ignored="0" total="1" passed="1">
  <reporter-output>
  </reporter-output>
  <suite name="Default suite" duration-ms="8497" started-at="2019-05-24T05:28:44Z" finished-at="2019-05-24T05:28:52Z">
    <groups>
    </groups>
    <test name="Default test" duration-ms="8497" started-at="2019-05-24T05:28:44Z" finished-at="2019-05-24T05:28:52Z">
      <class name="test.NewCarsTab">
        <test-method status="PASS" signature="BeforeTestStart()[pri:0, instance:test.NewCarsTab@3abbfa04]" name="BeforeTestStart" is-config="true" duration-ms="7010" started-at="2019-05-24T05:28:44Z" finished-at="2019-05-24T05:28:51Z">
          <reporter-output>
          </reporter-output>
        </test-method> <!-- BeforeTestStart -->
        <test-method status="PASS" signature="newcarsclick()[pri:0, instance:test.NewCarsTab@3abbfa04]" name="newcarsclick" duration-ms="1350" started-at="2019-05-24T05:28:51Z" finished-at="2019-05-24T05:28:52Z">
          <reporter-output>
          </reporter-output>
        </test-method> <!-- newcarsclick -->
        <test-method status="PASS" signature="afterEachTest()[pri:0, instance:test.NewCarsTab@3abbfa04]" name="afterEachTest" is-config="true" duration-ms="116" started-at="2019-05-24T05:28:52Z" finished-at="2019-05-24T05:28:52Z">
          <reporter-output>
          </reporter-output>
        </test-method> <!-- afterEachTest -->
      </class> <!-- test.NewCarsTab -->
    </test> <!-- Default test -->
  </suite> <!-- Default suite -->
</testng-results>
